
ROM used:   2298/32768 (7%)
            2298/32768 (7%) including unused fragments

            0.4 Average locations per line
            3.2 Average locations per statement

RAM used:   23/2048 (1%) at main() level
            45/2048 (2%) worst case

Stack used: 0 worst case (0 in main + 0 for interrupts)
Stack size: 31

Lines Stmts  %   Files
----- ----- ---  -----
   73    31   4  prueba.c
  839     0   0  ..\..\..\..\Program Files (x86)\PICC\devices\18F4550.h
   37     0   0  ..\..\..\..\Program Files (x86)\PICC\drivers\stdio.h
  435     0   0  ..\..\..\..\Program Files (x86)\PICC\drivers\string.h
   32     0   0  ..\..\..\..\Program Files (x86)\PICC\drivers\stddef.h
   28     0   0  ..\..\..\..\Program Files (x86)\PICC\drivers\ctype.h
 1351   359  50  ..\..\..\..\Program Files (x86)\PICC\drivers\stdlib.h
  211    72  10  i2c_Flex_LCD.h
 2227   257  36  ..\..\..\..\Program Files (x86)\PICC\drivers\math.h
----- -----
 5233   719 Total

Page ROM  %  RAM    Vol Diff  Functions:
---- --- --- ---    --- ----  ----------
0     38   1    1             @delay_ms1
0    108   2    1             @I2C_WRITE_1
0    242   5   11             @MULFF
0    348   8   14             @DIVFF
0    114   2    1    156  1.3  i2c_send_nibble
0     34   1    2    178  3.6  lcd_send_byte
0     18   0    0     48  1.1  lcd_clear
0     92   2    0    362  1.4  lcd_init
0     86   2    2    521  6.8  lcd_gotoxy
0    110   2    2    618  5.9  LCD_PUTC
0     74   2    2             @SITOF
0    142   3    5    650  6.7  leer_ADC
0    258   6    4    292  3.4  MAIN
0     16   0    0             @const1084
0     30   1    3             @PSTRINGCN_941
0     64   1    5             @FTOSD
0    142   3   13             @DIV3232
0    378   8   13             @PRINTF_L32D_941FPFPF
 Inline         0             @cinit1

Program metrics:
    Functions               8
    Statements              719
    Comments                1105
    Volume (V)              4295
    Difficulty (D)          29.2
    Effort to implement (E) 125255
    Time to implement (T)   1 hours, 56 minutes
    Est Delivered Bugs (B)  1
    Cyclomatic Complexity   14
    Maintainability (MI)    35

 Segment     Used  Free
-----------  ----  ----
00000-00002     4  0  
00004-07FFE  2294  30470  



