
ROM used:   1872/32768 (6%)
            1872/32768 (6%) including unused fragments

            0.4 Average locations per line
            2.6 Average locations per statement

RAM used:   20/2048 (1%) at main() level
            45/2048 (2%) worst case

Stack used: 0 worst case (0 in main + 0 for interrupts)
Stack size: 31

Lines Stmts  %   Files
----- ----- ---  -----
   79    39   5  MAX168.c
  839     0   0  ..\..\..\..\Program Files (x86)\PICC\devices\18F4550.h
   37     0   0  ..\..\..\..\Program Files (x86)\PICC\drivers\stdio.h
  435     0   0  ..\..\..\..\Program Files (x86)\PICC\drivers\string.h
   32     0   0  ..\..\..\..\Program Files (x86)\PICC\drivers\stddef.h
   28     0   0  ..\..\..\..\Program Files (x86)\PICC\drivers\ctype.h
 1351   359  49  ..\..\..\..\Program Files (x86)\PICC\drivers\stdlib.h
  211    72  10  i2c_Flex_LCD.h
 2227   257  35  ..\..\..\..\Program Files (x86)\PICC\drivers\math.h
----- -----
 5239   727 Total

Page ROM  %  RAM    Vol Diff  Functions:
---- --- --- ---    --- ----  ----------
0     38   1    1             @delay_ms1
0    108   3    1             @I2C_WRITE_1
0    244   7   11             @MULFF
0     56   1    2             @ITOF
0    114   3    1    156  1.3  i2c_send_nibble
0     34   1    2    178  3.6  lcd_send_byte
0     18   0    0     48  1.1  lcd_clear
0     92   2    0    362  1.4  lcd_init
0     86   2    2    521  6.8  lcd_gotoxy
0    110   3    2    618  5.9  LCD_PUTC
0    188   5    6   1002  6.4  leer_ADC
0    150   4    7    275  2.7  MAIN
0     16   0    0             @const1084
0     30   1    3             @PSTRINGCN_941
0     64   2    5             @FTOSD
0    142   4   13             @DIV3232
0    378  10   13             @PRINTF_L32D_941FPFPF
 Inline         0             @cinit1

Program metrics:
    Functions               8
    Statements              727
    Comments                1049
    Volume (V)              4720
    Difficulty (D)          28.4
    Effort to implement (E) 134241
    Time to implement (T)   2 hours, 4 minutes
    Est Delivered Bugs (B)  1
    Cyclomatic Complexity   14
    Maintainability (MI)    20

 Segment     Used  Free
-----------  ----  ----
00000-00002     4  0  
00004-07FFE  1868  30896  



