
ROM used:   1864/31936 (6%)
            1864/31936 (6%) including unused fragments

            0.3 Average locations per line
            2.5 Average locations per statement

RAM used:   19/2036 (1%) at main() level
            45/2036 (2%) worst case

Stack used: 0 worst case (0 in main + 0 for interrupts)
Stack size: 30

Lines Stmts  %   Files
----- ----- ---  -----
   79    12   2  MAX168.c
  839     0   0  ..\..\..\..\Program Files (x86)\PICC\devices\18F4550.h
   37     0   0  ..\..\..\..\Program Files (x86)\PICC\drivers\stdio.h
  435     0   0  ..\..\..\..\Program Files (x86)\PICC\drivers\string.h
   32     0   0  ..\..\..\..\Program Files (x86)\PICC\drivers\stddef.h
   28     0   0  ..\..\..\..\Program Files (x86)\PICC\drivers\ctype.h
 1351   359  48  ..\..\..\..\Program Files (x86)\PICC\drivers\stdlib.h
  211    72  10  i2c_Flex_LCD.h
 2227   257  34  ..\..\..\..\Program Files (x86)\PICC\drivers\math.h
   96    47   6  Control_ADCs.h
----- -----
 5335   747 Total

Page ROM  %  RAM    Vol Diff  Functions:
---- --- --- ---    --- ----  ----------
0     40   1    1             @delay_ms1
0    108   3    1             @I2C_WRITE_1
0    244   7   11             @MULFF
0    122   3    1    156  1.3  i2c_send_nibble
0     34   1    2    178  3.6  lcd_send_byte
0     18   0    0     48  1.1  lcd_clear
0     92   2    0    362  1.4  lcd_init
0     86   2    2    521  6.8  lcd_gotoxy
0    110   3    2    618  5.9  LCD_PUTC
0     74   2    2             @SITOF
0    156   4    5    650  6.7  leer_Tension
0    146   4    6    307  2.7  MAIN
0     16   0    0             @const1088
0     30   1    3             @PSTRINGCN_941
0     64   2    5             @FTOSD
0    142   4   13             @DIV3232
0    378  10   13             @PRINTF_L32D_941FPFPF
 Inline         0             @cinit1

Program metrics:
    Functions               8
    Statements              747
    Comments                1103
    Volume (V)              4318
    Difficulty (D)          28.5
    Effort to implement (E) 123230
    Time to implement (T)   1 hours, 54 minutes
    Est Delivered Bugs (B)  1
    Cyclomatic Complexity   14
    Maintainability (MI)    34

 Segment     Used  Free
-----------  ----  ----
00000-00002     4  0  
00004-07CBE  1860  30072  



