
ROM used:   1732/32768 (5%)
            1732/32768 (5%) including unused fragments

            0.3 Average locations per line
            2.4 Average locations per statement

RAM used:   20/2048 (1%) at main() level
            45/2048 (2%) worst case

Stack used: 0 worst case (0 in main + 0 for interrupts)
Stack size: 31

Lines Stmts  %   Files
----- ----- ---  -----
   68    26   4  prueba.c
  839     0   0  ..\..\..\..\Program Files (x86)\PICC\devices\18F4550.h
   37     0   0  ..\..\..\..\Program Files (x86)\PICC\drivers\stdio.h
  435     0   0  ..\..\..\..\Program Files (x86)\PICC\drivers\string.h
   32     0   0  ..\..\..\..\Program Files (x86)\PICC\drivers\stddef.h
   28     0   0  ..\..\..\..\Program Files (x86)\PICC\drivers\ctype.h
 1351   359  50  ..\..\..\..\Program Files (x86)\PICC\drivers\stdlib.h
  211    72  10  i2c_Flex_LCD.h
 2227   257  36  ..\..\..\..\Program Files (x86)\PICC\drivers\math.h
----- -----
 5228   714 Total

Page ROM  %  RAM    Vol Diff  Functions:
---- --- --- ---    --- ----  ----------
0     38   1    1             @delay_ms1
0    108   3    1             @I2C_WRITE_1
0    244   7   11             @MULFF
0    114   3    1    156  1.3  i2c_send_nibble
0     34   1    2    178  3.6  lcd_send_byte
0     20   1    0     48  1.1  lcd_clear
0     86   2    2    521  6.8  lcd_gotoxy
0    110   3    2    618  5.9  LCD_PUTC
0     74   2    2             @SITOF
0    110   3    5    565  6.7  leer_ADC
0    160   5    1    219  2.6  MAIN
0     16   0    0             @const1084
0     30   1    3             @PSTRINGCN_941
0     64   2    5             @FTOSD
0    142   4   13             @DIV3232
0    378  11   13             @PRINTF_L32D_941FPFPF
 Inline         0             @cinit1

Program metrics:
    Functions               7
    Statements              714
    Comments                1104
    Volume (V)              3419
    Difficulty (D)          26.7
    Effort to implement (E) 91362
    Time to implement (T)   1 hours, 25 minutes
    Est Delivered Bugs (B)  1
    Cyclomatic Complexity   14
    Maintainability (MI)    92

 Segment     Used  Free
-----------  ----  ----
00000-00002     4  0  
00004-07FFE  1728  31036  



