
ROM used:   5978/32768 (18%)
            5978/32768 (18%) including unused fragments

            1.1 Average locations per line
            7.3 Average locations per statement

RAM used:   84/2048 (4%) at main() level
            146/2048 (7%) worst case

Stack used: 1 worst case (0 in main + 1 for interrupts)
Stack size: 31

Lines Stmts  %   Files
----- ----- ---  -----
    4     0   0  $linker.c
   60    15   2  main.c
  839     0   0  ..\..\..\..\Program Files (x86)\PICC\devices\18F4550.h
   37     0   0  ..\..\..\..\Program Files (x86)\PICC\drivers\stdio.h
  435     0   0  ..\..\..\..\Program Files (x86)\PICC\drivers\string.h
   32     0   0  ..\..\..\..\Program Files (x86)\PICC\drivers\stddef.h
   28     0   0  ..\..\..\..\Program Files (x86)\PICC\drivers\ctype.h
 1351   359  44  ..\..\..\..\Program Files (x86)\PICC\drivers\stdlib.h
   26     0   0  funciones.h
  211    72   9  i2c_Flex_LCD.h
  215    71   9  funciones.c
 2227   257  31  ..\..\..\..\Program Files (x86)\PICC\drivers\math.h
   97    47   6  Control_ADCs.h
----- -----
 5562   821 Total

Page ROM  %  RAM    Vol Diff  Functions:
---- --- --- ---    --- ----  ----------
0     40   0    1             @delay_ms1
0    108   1    1             @I2C_WRITE_1
0    242   2   11             @MULFF
0     54   0    2             @ITOF
0    618   5   16             @ADDFF
0    346   3   14             @DIVFF
0     62   1    0     55  1.4  MAIN
0     36   0    0    223  2.3  inicializar
0    118   1   10             @FLT
0     58   0    4             @SFTOI
0     74   1    2             @SITOF
0    266   2   18    510 10.6  sqrt
0    838   7   46   1146  9.9  cos
0    122   1    1    156  1.3  i2c_send_nibble
0     34   0    2    178  3.6  lcd_send_byte
0     20   0    0     48  1.1  lcd_clear
0     86   1    2    521  6.8  lcd_gotoxy
0    110   1    2    625  5.6  LCD_PUTC
0    156   1    5    650  6.7  leer_Tension
0    218   2    6   1018  6.4  leer_Corriente
0     16   0    0     27  1.5  interrtimer_1
0   1542  13    4   3035 10.8  maquina_estado
0     16   0    0             @const1136
0     30   0    3             @PSTRINGCN_812
0     64   1    5             @FTOSD
0    142   1   13             @DIV3232
0    378   3   13             @PRINTF_L32D_812FPFPF
0     14   0    0             @const1147
 Inline         0             @cinit1

Program metrics:
    Functions               13
    Statements              821
    Comments                351
    Volume (V)              12191
    Difficulty (D)          66.4
    Effort to implement (E) 809582
    Time to implement (T)   12 hours, 30 minutes
    Est Delivered Bugs (B)  3
    Cyclomatic Complexity   34
    Maintainability (MI)    117

 Segment     Used  Free
-----------  ----  ----
00000-00002     4  0  
00004-00006     0  4  
00008-000AC   166  0  
000AE-07FFE  5808  26786  



